<?xml version="1.0" encoding="UTF-8"?>
<testng-results skipped="0" failed="0" total="6" passed="6">
  <reporter-output>
  </reporter-output>
  <suite name="Default suite" duration-ms="5136" started-at="2021-03-19T18:04:32Z" finished-at="2021-03-19T18:04:37Z">
    <groups>
    </groups>
    <test name="Default test" duration-ms="5136" started-at="2021-03-19T18:04:32Z" finished-at="2021-03-19T18:04:37Z">
      <class name="com.ds.APITestingFramework.testcases.DeleteCustomerTest">
        <test-method status="PASS" signature="setUp()[pri:0, instance:com.ds.APITestingFramework.testcases.DeleteCustomerTest@47af7f3d]" name="setUp" is-config="true" duration-ms="377" started-at="2021-03-19T23:34:32Z" finished-at="2021-03-19T23:34:32Z">
          <reporter-output>
          </reporter-output>
        </test-method> <!-- setUp -->
        <test-method status="PASS" signature="ValidateDeleteCustomerAPIWithValidID(java.util.Hashtable)[pri:0, instance:com.ds.APITestingFramework.testcases.DeleteCustomerTest@47af7f3d]" name="ValidateDeleteCustomerAPIWithValidID" duration-ms="5077" started-at="2021-03-19T23:34:32Z" data-provider="data" finished-at="2021-03-19T23:34:37Z">
          <params>
            <param index="0">
              <value>
                <![CDATA[{ID=cus_J927mft0GnWuCi}]]>
              </value>
            </param>
          </params>
          <reporter-output>
          </reporter-output>
        </test-method> <!-- ValidateDeleteCustomerAPIWithValidID -->
        <test-method status="PASS" signature="ValidateDeleteCustomerAPIWithValidID(java.util.Hashtable)[pri:0, instance:com.ds.APITestingFramework.testcases.DeleteCustomerTest@47af7f3d]" name="ValidateDeleteCustomerAPIWithValidID" duration-ms="5095" started-at="2021-03-19T23:34:32Z" data-provider="data" finished-at="2021-03-19T23:34:37Z">
          <params>
            <param index="0">
              <value>
                <![CDATA[{ID=cus_J9292QxMOVvg0q}]]>
              </value>
            </param>
          </params>
          <reporter-output>
          </reporter-output>
        </test-method> <!-- ValidateDeleteCustomerAPIWithValidID -->
        <test-method status="PASS" signature="ValidateDeleteCustomerAPIWithValidID(java.util.Hashtable)[pri:0, instance:com.ds.APITestingFramework.testcases.DeleteCustomerTest@47af7f3d]" name="ValidateDeleteCustomerAPIWithValidID" duration-ms="5090" started-at="2021-03-19T23:34:32Z" data-provider="data" finished-at="2021-03-19T23:34:37Z">
          <params>
            <param index="0">
              <value>
                <![CDATA[{ID=cus_J929Dntai2uFSv}]]>
              </value>
            </param>
          </params>
          <reporter-output>
          </reporter-output>
        </test-method> <!-- ValidateDeleteCustomerAPIWithValidID -->
        <test-method status="PASS" signature="ValidateDeleteCustomerAPIWithValidID(java.util.Hashtable)[pri:0, instance:com.ds.APITestingFramework.testcases.DeleteCustomerTest@47af7f3d]" name="ValidateDeleteCustomerAPIWithValidID" duration-ms="5101" started-at="2021-03-19T23:34:32Z" data-provider="data" finished-at="2021-03-19T23:34:37Z">
          <params>
            <param index="0">
              <value>
                <![CDATA[{ID=cus_J929WdYyBaFE7f}]]>
              </value>
            </param>
          </params>
          <reporter-output>
          </reporter-output>
        </test-method> <!-- ValidateDeleteCustomerAPIWithValidID -->
        <test-method status="PASS" signature="ValidateDeleteCustomerAPIWithValidID(java.util.Hashtable)[pri:0, instance:com.ds.APITestingFramework.testcases.DeleteCustomerTest@47af7f3d]" name="ValidateDeleteCustomerAPIWithValidID" duration-ms="5099" started-at="2021-03-19T23:34:32Z" data-provider="data" finished-at="2021-03-19T23:34:37Z">
          <params>
            <param index="0">
              <value>
                <![CDATA[{ID=cus_J927AcuIi9wxeY}]]>
              </value>
            </param>
          </params>
          <reporter-output>
          </reporter-output>
        </test-method> <!-- ValidateDeleteCustomerAPIWithValidID -->
        <test-method status="PASS" signature="ValidateDeleteCustomerAPIWithValidID(java.util.Hashtable)[pri:0, instance:com.ds.APITestingFramework.testcases.DeleteCustomerTest@47af7f3d]" name="ValidateDeleteCustomerAPIWithValidID" duration-ms="5083" started-at="2021-03-19T23:34:32Z" data-provider="data" finished-at="2021-03-19T23:34:37Z">
          <params>
            <param index="0">
              <value>
                <![CDATA[{ID=cus_J927vXnLOcF8LS}]]>
              </value>
            </param>
          </params>
          <reporter-output>
          </reporter-output>
        </test-method> <!-- ValidateDeleteCustomerAPIWithValidID -->
        <test-method status="PASS" signature="tearDown()[pri:0, instance:com.ds.APITestingFramework.testcases.DeleteCustomerTest@47af7f3d]" name="tearDown" is-config="true" duration-ms="0" started-at="2021-03-19T23:34:37Z" finished-at="2021-03-19T23:34:37Z">
          <reporter-output>
          </reporter-output>
        </test-method> <!-- tearDown -->
      </class> <!-- com.ds.APITestingFramework.testcases.DeleteCustomerTest -->
    </test> <!-- Default test -->
  </suite> <!-- Default suite -->
</testng-results>
